# Logfile created on 2015-04-15 22:30:29 -0400 by logger.rb/31641
resque-scheduler: [INFO] 2015-04-15T22:30:29-04:00: Starting
resque-scheduler: [INFO] 2015-04-15T22:30:29-04:00: Loading Schedule
resque-scheduler: [INFO] 2015-04-15T22:30:29-04:00: Scheduling tweeter-8a2df5c302024f66021691c7d2d1775d 
resque-scheduler: [INFO] 2015-04-15T22:30:29-04:00: no cron / every found for SendTweet (tweeter-8a2df5c302024f66021691c7d2d1775d) - skipping
resque-scheduler: [INFO] 2015-04-15T22:30:29-04:00: Scheduling tweeter-e265492707dd0595fd1f399bb8a2690e 
resque-scheduler: [INFO] 2015-04-15T22:30:29-04:00: no cron / every found for SendTweet (tweeter-e265492707dd0595fd1f399bb8a2690e) - skipping
resque-scheduler: [INFO] 2015-04-15T22:30:29-04:00: Scheduling tweeter-ea77177eedb109772fd50733b6f27467 
resque-scheduler: [INFO] 2015-04-15T22:30:29-04:00: no cron / every found for SendTweet (tweeter-ea77177eedb109772fd50733b6f27467) - skipping
resque-scheduler: [INFO] 2015-04-15T22:30:29-04:00: Scheduling tweeter-86b4bf6b159fe9c585a6b71d1d831964 
resque-scheduler: [INFO] 2015-04-15T22:30:29-04:00: no cron / every found for SendTweet (tweeter-86b4bf6b159fe9c585a6b71d1d831964) - skipping
resque-scheduler: [INFO] 2015-04-15T22:30:29-04:00: Scheduling tweeter-1c6a25a985e2e76403264f9e7d2cd565 
resque-scheduler: [INFO] 2015-04-15T22:30:29-04:00: no cron / every found for SendTweet (tweeter-1c6a25a985e2e76403264f9e7d2cd565) - skipping
resque-scheduler: [INFO] 2015-04-15T22:30:29-04:00: Scheduling tweeter-82c5d6a7428c35eaa6afa64dd9e174eb 
resque-scheduler: [INFO] 2015-04-15T22:30:29-04:00: no cron / every found for SendTweet (tweeter-82c5d6a7428c35eaa6afa64dd9e174eb) - skipping
resque-scheduler: [INFO] 2015-04-15T22:30:29-04:00: Scheduling tweeter-bc89eb22f516350d2d3d31555c3ebf46 
resque-scheduler: [INFO] 2015-04-15T22:30:29-04:00: no cron / every found for SendTweet (tweeter-bc89eb22f516350d2d3d31555c3ebf46) - skipping
resque-scheduler: [INFO] 2015-04-15T22:30:29-04:00: Scheduling tweeter-fb6ac5951934cff8be023cc0f1446b03 
resque-scheduler: [INFO] 2015-04-15T22:30:29-04:00: no cron / every found for SendTweet (tweeter-fb6ac5951934cff8be023cc0f1446b03) - skipping
resque-scheduler: [INFO] 2015-04-15T22:30:29-04:00: Scheduling tweeter-54ff6739ee8d33528ec6195ac87c8e08 
resque-scheduler: [INFO] 2015-04-15T22:30:29-04:00: no cron / every found for SendTweet (tweeter-54ff6739ee8d33528ec6195ac87c8e08) - skipping
resque-scheduler: [INFO] 2015-04-15T22:30:29-04:00: Scheduling tweeter-63bfec9063229b0bd5a18bd68abd1f24 
resque-scheduler: [INFO] 2015-04-15T22:30:29-04:00: no cron / every found for SendTweet (tweeter-63bfec9063229b0bd5a18bd68abd1f24) - skipping
resque-scheduler: [INFO] 2015-04-15T22:30:29-04:00: Scheduling tweeter-31a5106cba5b14c242094d66df0c7ff2 
resque-scheduler: [INFO] 2015-04-15T22:30:29-04:00: no cron / every found for SendTweet (tweeter-31a5106cba5b14c242094d66df0c7ff2) - skipping
resque-scheduler: [INFO] 2015-04-15T22:30:29-04:00: Scheduling tweeter-20a947e7efe647c7b8e8272293cff8ed 
resque-scheduler: [INFO] 2015-04-15T22:30:29-04:00: no cron / every found for SendTweet (tweeter-20a947e7efe647c7b8e8272293cff8ed) - skipping
resque-scheduler: [INFO] 2015-04-15T22:30:29-04:00: Scheduling tweeter-a78360ea58dc75d23ee16a4a3b046288 
resque-scheduler: [INFO] 2015-04-15T22:30:29-04:00: no cron / every found for SendTweet (tweeter-a78360ea58dc75d23ee16a4a3b046288) - skipping
resque-scheduler: [INFO] 2015-04-15T22:30:29-04:00: Scheduling tweeter-709fc1d06730349f0cb113ae4bbe8e28 
resque-scheduler: [INFO] 2015-04-15T22:30:29-04:00: no cron / every found for SendTweet (tweeter-709fc1d06730349f0cb113ae4bbe8e28) - skipping
resque-scheduler: [INFO] 2015-04-15T22:30:29-04:00: Scheduling tweeter 
resque-scheduler: [INFO] 2015-04-15T22:30:29-04:00: no cron / every found for SendTweet (tweeter) - skipping
resque-scheduler: [INFO] 2015-04-15T22:30:29-04:00: Scheduling tweeter-d94a824e4a74d0b4f94f8e345b6ed49c 
resque-scheduler: [INFO] 2015-04-15T22:30:29-04:00: no cron / every found for SendTweet (tweeter-d94a824e4a74d0b4f94f8e345b6ed49c) - skipping
resque-scheduler: [INFO] 2015-04-15T22:30:29-04:00: Scheduling tweeter-827672c6463c7591de460499debad1ba 
resque-scheduler: [INFO] 2015-04-15T22:30:29-04:00: no cron / every found for SendTweet (tweeter-827672c6463c7591de460499debad1ba) - skipping
resque-scheduler: [INFO] 2015-04-15T22:30:29-04:00: Scheduling tweeter-c99e38d049875bc56205672e1450e8e2 
resque-scheduler: [INFO] 2015-04-15T22:30:29-04:00: no cron / every found for SendTweet (tweeter-c99e38d049875bc56205672e1450e8e2) - skipping
resque-scheduler: [INFO] 2015-04-15T22:30:29-04:00: Scheduling tweeter-7830101b692ee62333b5b5ae93378ff0 
resque-scheduler: [INFO] 2015-04-15T22:30:29-04:00: no cron / every found for SendTweet (tweeter-7830101b692ee62333b5b5ae93378ff0) - skipping
resque-scheduler: [INFO] 2015-04-15T22:30:29-04:00: Scheduling tweeter-500281436642205a4f046dbc1d48b1c8 
resque-scheduler: [INFO] 2015-04-15T22:30:29-04:00: no cron / every found for SendTweet (tweeter-500281436642205a4f046dbc1d48b1c8) - skipping
resque-scheduler: [INFO] 2015-04-15T22:30:29-04:00: Scheduling tweeter-11b02b04e94cf4397fe33237aadf655e 
resque-scheduler: [INFO] 2015-04-15T22:30:29-04:00: no cron / every found for SendTweet (tweeter-11b02b04e94cf4397fe33237aadf655e) - skipping
resque-scheduler: [INFO] 2015-04-15T22:30:29-04:00: Scheduling tweeter-1ec89f1cdcfb875e02d9c92eaf2e6aab 
resque-scheduler: [INFO] 2015-04-15T22:30:29-04:00: no cron / every found for SendTweet (tweeter-1ec89f1cdcfb875e02d9c92eaf2e6aab) - skipping
resque-scheduler: [INFO] 2015-04-15T22:30:29-04:00: Scheduling tweeter-5649d9e335f40b5d5c8e5b9e912738c3 
resque-scheduler: [INFO] 2015-04-15T22:30:29-04:00: no cron / every found for SendTweet (tweeter-5649d9e335f40b5d5c8e5b9e912738c3) - skipping
resque-scheduler: [INFO] 2015-04-15T22:30:29-04:00: Scheduling tweeter-2b213606f5065f1f8c95b92bf0b2f175 
resque-scheduler: [INFO] 2015-04-15T22:30:29-04:00: no cron / every found for SendTweet (tweeter-2b213606f5065f1f8c95b92bf0b2f175) - skipping
resque-scheduler: [INFO] 2015-04-15T22:30:29-04:00: Scheduling tweeter-125d265d42340f1adc9f5c9c5c45c26d 
resque-scheduler: [INFO] 2015-04-15T22:30:29-04:00: no cron / every found for SendTweet (tweeter-125d265d42340f1adc9f5c9c5c45c26d) - skipping
resque-scheduler: [INFO] 2015-04-15T22:30:29-04:00: Scheduling tweeter-9011d44194eac93cb63a47ae994eacb3 
resque-scheduler: [INFO] 2015-04-15T22:30:29-04:00: no cron / every found for SendTweet (tweeter-9011d44194eac93cb63a47ae994eacb3) - skipping
resque-scheduler: [INFO] 2015-04-15T22:30:29-04:00: Scheduling tweeter-f109424d8cc6b1de1d891221e6bc41b6 
resque-scheduler: [INFO] 2015-04-15T22:30:29-04:00: no cron / every found for SendTweet (tweeter-f109424d8cc6b1de1d891221e6bc41b6) - skipping
resque-scheduler: [INFO] 2015-04-15T22:30:29-04:00: Scheduling tweeter-efa7c0b21707f775a65020f229e5880f 
resque-scheduler: [INFO] 2015-04-15T22:30:29-04:00: no cron / every found for SendTweet (tweeter-efa7c0b21707f775a65020f229e5880f) - skipping
resque-scheduler: [INFO] 2015-04-15T22:30:29-04:00: Scheduling tweeter-24652f34fa15d2e17b3ef21b76493d6d 
resque-scheduler: [INFO] 2015-04-15T22:30:29-04:00: no cron / every found for SendTweet (tweeter-24652f34fa15d2e17b3ef21b76493d6d) - skipping
resque-scheduler: [INFO] 2015-04-15T22:30:29-04:00: Scheduling tweeter-2483d7d4b4c57fae97ebe687dc891ba2 
resque-scheduler: [INFO] 2015-04-15T22:30:29-04:00: no cron / every found for SendTweet (tweeter-2483d7d4b4c57fae97ebe687dc891ba2) - skipping
resque-scheduler: [INFO] 2015-04-15T22:30:29-04:00: Scheduling tweeter-b33d91e692d268304e9974e4be3a75d6 
resque-scheduler: [INFO] 2015-04-15T22:30:29-04:00: no cron / every found for SendTweet (tweeter-b33d91e692d268304e9974e4be3a75d6) - skipping
resque-scheduler: [INFO] 2015-04-15T22:30:29-04:00: Scheduling tweeter-#{entry.to_hash} 
resque-scheduler: [INFO] 2015-04-15T22:30:29-04:00: no cron / every found for SendTweet (tweeter-#{entry.to_hash}) - skipping
resque-scheduler: [INFO] 2015-04-15T22:30:29-04:00: Scheduling tweeter-3d36ca17f3d62f1750284fc6bcaf270c 
resque-scheduler: [INFO] 2015-04-15T22:30:29-04:00: no cron / every found for SendTweet (tweeter-3d36ca17f3d62f1750284fc6bcaf270c) - skipping
resque-scheduler: [INFO] 2015-04-15T22:30:29-04:00: Scheduling tweeter-8e3f91494fbc92bd88dd14415b93e426 
resque-scheduler: [INFO] 2015-04-15T22:30:29-04:00: no cron / every found for SendTweet (tweeter-8e3f91494fbc92bd88dd14415b93e426) - skipping
resque-scheduler: [INFO] 2015-04-15T22:30:29-04:00: Scheduling tweeter-42c9d7868c7b5da9efbda6921c6a97f0 
resque-scheduler: [INFO] 2015-04-15T22:30:29-04:00: no cron / every found for SendTweet (tweeter-42c9d7868c7b5da9efbda6921c6a97f0) - skipping
resque-scheduler: [INFO] 2015-04-15T22:30:29-04:00: Scheduling tweeter-e8ef9de7d12106b5ea330f165056fbf1 
resque-scheduler: [INFO] 2015-04-15T22:30:29-04:00: no cron / every found for SendTweet (tweeter-e8ef9de7d12106b5ea330f165056fbf1) - skipping
resque-scheduler: [INFO] 2015-04-15T22:30:29-04:00: Scheduling tweeter-4b2fcf9ee81007fe0c43fb92d4a2b3df 
resque-scheduler: [INFO] 2015-04-15T22:30:29-04:00: no cron / every found for SendTweet (tweeter-4b2fcf9ee81007fe0c43fb92d4a2b3df) - skipping
resque-scheduler: [INFO] 2015-04-15T22:30:29-04:00: Scheduling tweeter-70fb36fda4131f48685f9b5e227dfdba 
resque-scheduler: [INFO] 2015-04-15T22:30:29-04:00: no cron / every found for SendTweet (tweeter-70fb36fda4131f48685f9b5e227dfdba) - skipping
resque-scheduler: [INFO] 2015-04-15T22:30:29-04:00: Scheduling tweeter-13ab3303976438dcd671d607e80661ea 
resque-scheduler: [INFO] 2015-04-15T22:30:29-04:00: no cron / every found for SendTweet (tweeter-13ab3303976438dcd671d607e80661ea) - skipping
resque-scheduler: [INFO] 2015-04-15T22:30:29-04:00: Scheduling tweeter-b7e6044d2492c4376346be3df3a215ba 
resque-scheduler: [INFO] 2015-04-15T22:30:29-04:00: no cron / every found for SendTweet (tweeter-b7e6044d2492c4376346be3df3a215ba) - skipping
resque-scheduler: [INFO] 2015-04-15T22:30:29-04:00: Scheduling tweeter-31449f48baf4bc33b4346dab3e446ca4 
resque-scheduler: [INFO] 2015-04-15T22:30:29-04:00: no cron / every found for SendTweet (tweeter-31449f48baf4bc33b4346dab3e446ca4) - skipping
resque-scheduler: [INFO] 2015-04-15T22:30:29-04:00: Scheduling tweeter-8d6d45d88541a117e3d433def4d65d0d 
resque-scheduler: [INFO] 2015-04-15T22:30:29-04:00: no cron / every found for SendTweet (tweeter-8d6d45d88541a117e3d433def4d65d0d) - skipping
resque-scheduler: [INFO] 2015-04-15T22:30:29-04:00: Scheduling tweeter-6cd700626e52d7031b4f17332a9b13e5 
resque-scheduler: [INFO] 2015-04-15T22:30:29-04:00: no cron / every found for SendTweet (tweeter-6cd700626e52d7031b4f17332a9b13e5) - skipping
resque-scheduler: [INFO] 2015-04-15T22:30:29-04:00: Scheduling tweeter-f3a0b367b048da39dd2af8dd3034a75c 
resque-scheduler: [INFO] 2015-04-15T22:30:29-04:00: no cron / every found for SendTweet (tweeter-f3a0b367b048da39dd2af8dd3034a75c) - skipping
resque-scheduler: [INFO] 2015-04-15T22:30:29-04:00: Scheduling tweeter-59490ba4d73675a2c8a608369395ed9d 
resque-scheduler: [INFO] 2015-04-15T22:30:29-04:00: no cron / every found for SendTweet (tweeter-59490ba4d73675a2c8a608369395ed9d) - skipping
resque-scheduler: [INFO] 2015-04-15T22:30:29-04:00: Scheduling tweeter-ab6ca874eecc20bc52f0a65e8cc12b7c 
resque-scheduler: [INFO] 2015-04-15T22:30:29-04:00: no cron / every found for SendTweet (tweeter-ab6ca874eecc20bc52f0a65e8cc12b7c) - skipping
resque-scheduler: [INFO] 2015-04-15T22:30:29-04:00: Scheduling tweeter-2daffb3242a27c5d3f593f0d775c2cba 
resque-scheduler: [INFO] 2015-04-15T22:30:29-04:00: no cron / every found for SendTweet (tweeter-2daffb3242a27c5d3f593f0d775c2cba) - skipping
resque-scheduler: [INFO] 2015-04-15T22:30:29-04:00: Scheduling tweeter-a778b8988f8a535e26474f156a034437 
resque-scheduler: [INFO] 2015-04-15T22:30:29-04:00: no cron / every found for SendTweet (tweeter-a778b8988f8a535e26474f156a034437) - skipping
resque-scheduler: [INFO] 2015-04-15T22:30:29-04:00: Scheduling tweeter-c78fe8434fd609ff57ffe84b86bdf133 
resque-scheduler: [INFO] 2015-04-15T22:30:29-04:00: no cron / every found for SendTweet (tweeter-c78fe8434fd609ff57ffe84b86bdf133) - skipping
resque-scheduler: [INFO] 2015-04-15T22:30:29-04:00: Scheduling tweeter-77a6b2f10ff3b27e17da2fae3ee4ad05 
resque-scheduler: [INFO] 2015-04-15T22:30:29-04:00: no cron / every found for SendTweet (tweeter-77a6b2f10ff3b27e17da2fae3ee4ad05) - skipping
resque-scheduler: [INFO] 2015-04-15T22:30:29-04:00: Scheduling tweeter-8efae8bee0a3fcaf3f1f072ec2529206 
resque-scheduler: [INFO] 2015-04-15T22:30:29-04:00: no cron / every found for SendTweet (tweeter-8efae8bee0a3fcaf3f1f072ec2529206) - skipping
resque-scheduler: [INFO] 2015-04-15T22:30:29-04:00: Scheduling tweeter-e2fc7fcb197672610659d5559610fedb 
resque-scheduler: [INFO] 2015-04-15T22:30:29-04:00: no cron / every found for SendTweet (tweeter-e2fc7fcb197672610659d5559610fedb) - skipping
resque-scheduler: [INFO] 2015-04-15T22:30:29-04:00: Scheduling tweeter-67038adf95e19d7595991ae65d1bf40c 
resque-scheduler: [INFO] 2015-04-15T22:30:29-04:00: no cron / every found for SendTweet (tweeter-67038adf95e19d7595991ae65d1bf40c) - skipping
resque-scheduler: [INFO] 2015-04-15T22:30:29-04:00: Scheduling tweeter-d8fe048eec59f91b5f693dfb366e78e8 
resque-scheduler: [INFO] 2015-04-15T22:30:29-04:00: no cron / every found for SendTweet (tweeter-d8fe048eec59f91b5f693dfb366e78e8) - skipping
resque-scheduler: [INFO] 2015-04-15T22:30:29-04:00: Scheduling tweeter-a10837202debd14fb3c6d902842f2cae 
resque-scheduler: [INFO] 2015-04-15T22:30:29-04:00: no cron / every found for SendTweet (tweeter-a10837202debd14fb3c6d902842f2cae) - skipping
resque-scheduler: [INFO] 2015-04-15T22:30:29-04:00: Scheduling tweeter-ee21c3150caf0bd2b5b2525b34f45c61 
resque-scheduler: [INFO] 2015-04-15T22:30:29-04:00: no cron / every found for SendTweet (tweeter-ee21c3150caf0bd2b5b2525b34f45c61) - skipping
resque-scheduler: [INFO] 2015-04-15T22:30:29-04:00: Scheduling tweeter-46b4b54ccae00c718599dcbd867d6f8d 
resque-scheduler: [INFO] 2015-04-15T22:30:29-04:00: no cron / every found for SendTweet (tweeter-46b4b54ccae00c718599dcbd867d6f8d) - skipping
resque-scheduler: [INFO] 2015-04-15T22:30:29-04:00: Scheduling tweeter-9726f4843a01ba6e6df00dcea500c6eb 
resque-scheduler: [INFO] 2015-04-15T22:30:29-04:00: no cron / every found for SendTweet (tweeter-9726f4843a01ba6e6df00dcea500c6eb) - skipping
resque-scheduler: [INFO] 2015-04-15T22:30:29-04:00: Scheduling tweeter-48992d0cdd27fe81d1dcd358ccbb7d73 
resque-scheduler: [INFO] 2015-04-15T22:30:29-04:00: no cron / every found for SendTweet (tweeter-48992d0cdd27fe81d1dcd358ccbb7d73) - skipping
resque-scheduler: [INFO] 2015-04-15T22:30:29-04:00: Scheduling tweeter-7e56be26b1779ee60c1c7a59b25ab5d5 
resque-scheduler: [INFO] 2015-04-15T22:30:29-04:00: no cron / every found for SendTweet (tweeter-7e56be26b1779ee60c1c7a59b25ab5d5) - skipping
resque-scheduler: [INFO] 2015-04-15T22:30:29-04:00: Scheduling tweeter-1c9907a4d4a0d1270838b3a4f24fdcdb 
resque-scheduler: [INFO] 2015-04-15T22:30:29-04:00: no cron / every found for SendTweet (tweeter-1c9907a4d4a0d1270838b3a4f24fdcdb) - skipping
resque-scheduler: [INFO] 2015-04-15T22:30:29-04:00: Scheduling tweeter-19ca2b06aff2ca7509c57b8f869f3024 
resque-scheduler: [INFO] 2015-04-15T22:30:29-04:00: no cron / every found for SendTweet (tweeter-19ca2b06aff2ca7509c57b8f869f3024) - skipping
resque-scheduler: [INFO] 2015-04-15T22:30:29-04:00: Scheduling tweeter-45af9aa292f269693fce1ab98e4d35b8 
resque-scheduler: [INFO] 2015-04-15T22:30:29-04:00: no cron / every found for SendTweet (tweeter-45af9aa292f269693fce1ab98e4d35b8) - skipping
resque-scheduler: [INFO] 2015-04-15T22:30:29-04:00: Scheduling tweeter-b14cf62e46b40ab91c4eb7a2a5ca7e9c 
resque-scheduler: [INFO] 2015-04-15T22:30:29-04:00: no cron / every found for SendTweet (tweeter-b14cf62e46b40ab91c4eb7a2a5ca7e9c) - skipping
resque-scheduler: [INFO] 2015-04-15T22:30:29-04:00: Scheduling tweeter-3e4063356b21c127cefefc7794a8da08 
resque-scheduler: [INFO] 2015-04-15T22:30:29-04:00: no cron / every found for SendTweet (tweeter-3e4063356b21c127cefefc7794a8da08) - skipping
resque-scheduler: [INFO] 2015-04-15T22:30:29-04:00: Scheduling tweeter-ba3d0f71855ab8e7e1ad0cbe6df86b25 
resque-scheduler: [INFO] 2015-04-15T22:30:29-04:00: no cron / every found for SendTweet (tweeter-ba3d0f71855ab8e7e1ad0cbe6df86b25) - skipping
resque-scheduler: [INFO] 2015-04-15T22:30:29-04:00: Scheduling tweeter-877039ad664b91fb08d29d4166e31860 
resque-scheduler: [INFO] 2015-04-15T22:30:29-04:00: no cron / every found for SendTweet (tweeter-877039ad664b91fb08d29d4166e31860) - skipping
resque-scheduler: [INFO] 2015-04-15T22:30:29-04:00: Scheduling tweeter-c49a49b98b1cca13711702564b3ee326 
resque-scheduler: [INFO] 2015-04-15T22:30:29-04:00: no cron / every found for SendTweet (tweeter-c49a49b98b1cca13711702564b3ee326) - skipping
resque-scheduler: [INFO] 2015-04-15T22:30:29-04:00: Scheduling tweeter-81ec62131d292afc42b8eeee3eff09c3 
resque-scheduler: [INFO] 2015-04-15T22:30:29-04:00: no cron / every found for SendTweet (tweeter-81ec62131d292afc42b8eeee3eff09c3) - skipping
resque-scheduler: [INFO] 2015-04-15T22:30:29-04:00: Scheduling tweeter-d67c4b125b4b35e4abe2e5b0449881d4 
resque-scheduler: [INFO] 2015-04-15T22:30:29-04:00: no cron / every found for SendTweet (tweeter-d67c4b125b4b35e4abe2e5b0449881d4) - skipping
resque-scheduler: [INFO] 2015-04-15T22:30:29-04:00: Scheduling tweeter-e40221c0951355505c7d22cae68ab2d9 
resque-scheduler: [INFO] 2015-04-15T22:30:29-04:00: no cron / every found for SendTweet (tweeter-e40221c0951355505c7d22cae68ab2d9) - skipping
resque-scheduler: [INFO] 2015-04-15T22:30:29-04:00: Scheduling tweeter-44e418319e8cd7d93e8a140102f241ac 
resque-scheduler: [INFO] 2015-04-15T22:30:29-04:00: no cron / every found for SendTweet (tweeter-44e418319e8cd7d93e8a140102f241ac) - skipping
resque-scheduler: [INFO] 2015-04-15T22:30:29-04:00: Scheduling tweeter-ee039f89c842832a88c2f49b80c09de7 
resque-scheduler: [INFO] 2015-04-15T22:30:29-04:00: no cron / every found for SendTweet (tweeter-ee039f89c842832a88c2f49b80c09de7) - skipping
resque-scheduler: [INFO] 2015-04-15T22:30:29-04:00: Scheduling tweeter-2f13874b12111c2c0d05ed08ffebb43e 
resque-scheduler: [INFO] 2015-04-15T22:30:29-04:00: no cron / every found for SendTweet (tweeter-2f13874b12111c2c0d05ed08ffebb43e) - skipping
resque-scheduler: [INFO] 2015-04-15T22:30:29-04:00: Scheduling tweeter-02dcb8f42e2e7f37647bedfaf956e512 
resque-scheduler: [INFO] 2015-04-15T22:30:29-04:00: no cron / every found for SendTweet (tweeter-02dcb8f42e2e7f37647bedfaf956e512) - skipping
resque-scheduler: [INFO] 2015-04-15T22:30:29-04:00: Scheduling tweeter-c36003d3aecbf38fb52d06e01ebe01ea 
resque-scheduler: [INFO] 2015-04-15T22:30:29-04:00: no cron / every found for SendTweet (tweeter-c36003d3aecbf38fb52d06e01ebe01ea) - skipping
resque-scheduler: [INFO] 2015-04-15T22:30:29-04:00: Scheduling tweeter-0311e9596f5f38c333b99f3bcd9a1711 
resque-scheduler: [INFO] 2015-04-15T22:30:29-04:00: no cron / every found for SendTweet (tweeter-0311e9596f5f38c333b99f3bcd9a1711) - skipping
resque-scheduler: [INFO] 2015-04-15T22:30:29-04:00: Scheduling tweeter-c803c41375f05114d783b720a41d4601 
resque-scheduler: [INFO] 2015-04-15T22:30:29-04:00: no cron / every found for SendTweet (tweeter-c803c41375f05114d783b720a41d4601) - skipping
resque-scheduler: [INFO] 2015-04-15T22:30:29-04:00: Scheduling tweeter-1ba2d149832e6c35d2d86e25089485d4 
resque-scheduler: [INFO] 2015-04-15T22:30:29-04:00: no cron / every found for SendTweet (tweeter-1ba2d149832e6c35d2d86e25089485d4) - skipping
resque-scheduler: [INFO] 2015-04-15T22:30:29-04:00: Scheduling tweeter-365649c8c092ceffa6940f6e27f1dd42 
resque-scheduler: [INFO] 2015-04-15T22:30:29-04:00: no cron / every found for SendTweet (tweeter-365649c8c092ceffa6940f6e27f1dd42) - skipping
resque-scheduler: [INFO] 2015-04-15T22:30:29-04:00: Scheduling tweeter-2f0cf12907d4f387161d9d4920b84ed3 
resque-scheduler: [INFO] 2015-04-15T22:30:29-04:00: no cron / every found for SendTweet (tweeter-2f0cf12907d4f387161d9d4920b84ed3) - skipping
resque-scheduler: [INFO] 2015-04-15T22:30:29-04:00: Scheduling tweeter-1d726625ce7893283c0c77bc5dc6a106 
resque-scheduler: [INFO] 2015-04-15T22:30:29-04:00: no cron / every found for SendTweet (tweeter-1d726625ce7893283c0c77bc5dc6a106) - skipping
resque-scheduler: [INFO] 2015-04-15T22:30:29-04:00: Scheduling tweeter-97b27615bf949c1f70bc7cf8ed0edd5c 
resque-scheduler: [INFO] 2015-04-15T22:30:29-04:00: no cron / every found for SendTweet (tweeter-97b27615bf949c1f70bc7cf8ed0edd5c) - skipping
resque-scheduler: [INFO] 2015-04-15T22:30:29-04:00: Scheduling tweeter-1b8cf81da1c5c0f16cad53d87b681be7 
resque-scheduler: [INFO] 2015-04-15T22:30:29-04:00: no cron / every found for SendTweet (tweeter-1b8cf81da1c5c0f16cad53d87b681be7) - skipping
resque-scheduler: [INFO] 2015-04-15T22:30:29-04:00: Scheduling tweeter-b549df45e14f16bd9bf969835d7aa2b6 
resque-scheduler: [INFO] 2015-04-15T22:30:29-04:00: no cron / every found for SendTweet (tweeter-b549df45e14f16bd9bf969835d7aa2b6) - skipping
resque-scheduler: [INFO] 2015-04-15T22:30:29-04:00: Scheduling tweeter-6a5eb166e25ebefb18aaa0a33a638ad0 
resque-scheduler: [INFO] 2015-04-15T22:30:29-04:00: no cron / every found for SendTweet (tweeter-6a5eb166e25ebefb18aaa0a33a638ad0) - skipping
resque-scheduler: [INFO] 2015-04-15T22:30:29-04:00: Scheduling tweeter-14bc90f4d4002cfbcff0413cd9b12150 
resque-scheduler: [INFO] 2015-04-15T22:30:29-04:00: no cron / every found for SendTweet (tweeter-14bc90f4d4002cfbcff0413cd9b12150) - skipping
resque-scheduler: [INFO] 2015-04-15T22:30:29-04:00: Scheduling tweeter-64db9fab8f0ad41ca95c334ce385b151 
resque-scheduler: [INFO] 2015-04-15T22:30:29-04:00: no cron / every found for SendTweet (tweeter-64db9fab8f0ad41ca95c334ce385b151) - skipping
resque-scheduler: [INFO] 2015-04-15T22:30:29-04:00: Schedules Loaded
resque-scheduler: [INFO] 2015-04-15T22:30:54-04:00: Got INT signal
resque-scheduler: [INFO] 2015-04-15T22:30:54-04:00: Shutting down
resque-scheduler: [INFO] 2015-04-15T22:31:06-04:00: Starting
resque-scheduler: [INFO] 2015-04-15T22:31:06-04:00: Loading Schedule
resque-scheduler: [INFO] 2015-04-15T22:31:06-04:00: Schedule empty! Set Resque.schedule
resque-scheduler: [INFO] 2015-04-15T22:31:06-04:00: Schedules Loaded
resque-scheduler: [INFO] 2015-04-15T22:32:26-04:00: Got INT signal
resque-scheduler: [INFO] 2015-04-15T22:32:26-04:00: Shutting down
resque-scheduler: [INFO] 2015-04-15T22:33:20-04:00: Starting
resque-scheduler: [INFO] 2015-04-15T22:33:20-04:00: Loading Schedule
resque-scheduler: [INFO] 2015-04-15T22:33:20-04:00: Schedule empty! Set Resque.schedule
resque-scheduler: [INFO] 2015-04-15T22:33:20-04:00: Schedules Loaded
resque-scheduler: [INFO] 2015-04-15T22:33:55-04:00: Got INT signal
resque-scheduler: [INFO] 2015-04-15T22:33:55-04:00: Shutting down
